
ROM used:   1931/8192 (24%)
            1931/8192 (24%) including unused fragments

            1.6 Average locations per line
            13.0 Average locations per statement

RAM used:   29/368 (8%) at main() level
            60/368 (16%) worst case

Stack used: 1 worst case (0 in main + 1 for interrupts)
Stack size: 8

Lines Stmts  %   Files
----- ----- ---  -----
  121    65  44  main.c
  661     0   0  ..\..\..\..\..\Program Files (x86)\PICC\Devices\16F877A.h
  456    84  56  ..\..\..\..\..\Program Files (x86)\PICC\Drivers\lcd.c
----- -----
 1238   149 Total

Page ROM  %  RAM   Vol Diff  Functions:
---- --- --- ---   --- ----  ----------
0     21   1    1             @delay_ms1
0      8   0    0             @const629
 Inline         3   596  5.9  lcd_read_byte
0      6   0    0    59  4.2  lcd_read_nibble
0     12   1    1   179  3.3  lcd_send_nibble
0     64   3    3   460  4.7  lcd_send_byte
0     51   3    2   667  5.9  lcd_init
0     18   1    4   208  6.3  lcd_gotoxy
0     44   2    1   354  4.7  lcd_putc
0     33   2    2   258  5.5  RB_IOC_ISR
0     36   2    2   203  5.0  EncoderGet
0     56   3    6   183  5.5  pwm
 Inline         5             @MUL1616
0    598  31   14  1864  7.9  MAIN
0     29   2    2             @ITOF
0    117   6   13             @MULFF
0    202  10   14             @DIVFF
0    321  17   16             @ADDFF
0     31   2    4             @SFTOI
0     39   2    5             @DIV1616
0      6   0    0             @const703
0     84   4    5             @PSTRINGCN7_647
0     99   5    9             @PRINTF_LU_647
0      5   0    0             @const709
0      4   0    0             @const710
 Inline         0             @cinit1

Program metrics:
    Functions               11
    Statements              149
    Comments                245
    Volume (V)              7711
    Difficulty (D)          56.9
    Effort to implement (E) 438636
    Time to implement (T)   6 hours, 46 minutes
    Est Delivered Bugs (B)  2
    Cyclomatic Complexity   15
    Maintainability (MI)    137

 Segment     Used  Free
-----------  ----  ----
00000-00003     4  0  
00004-0002E    43  0  
0002F-007FF  1884  117  
00800-00FFF     0  2048  
01000-017FF     0  2048  
01800-01FFF     0  2048  



